<?xml version="1.0" encoding="UTF-8"?>
<!-- Generated by org.testng.reporters.JUnitXMLReporter -->
<testsuite hostname="lenovo-PC" name="TestGroup" tests="4" failures="1" timestamp="27 Mar 2017 07:44:01 GMT" time="18.906" errors="0">
  <testcase name="testAddGroup" time="15.076" classname="Com.Selenium_Contacts.Test.TestGroup">
    <failure type="org.openqa.selenium.NoSuchElementException" message="Unable to locate element: /html/body/div[3]/div/div[2]/div[2]/div/div[2]/div[1]/div/h5/a[1]
For documentation on this error, please visit: http://seleniumhq.org/exceptions/no_such_element.html
Build info: version: &amp;apos;3.0.1&amp;apos;, revision: &amp;apos;1969d75&amp;apos;, time: &amp;apos;2016-10-18 09:49:13 -0700&amp;apos;
System info: host: &amp;apos;lenovo-PC&amp;apos;, ip: &amp;apos;10.0.51.42&amp;apos;, os.name: &amp;apos;Windows 7&amp;apos;, os.arch: &amp;apos;amd64&amp;apos;, os.version: &amp;apos;6.1&amp;apos;, java.version: &amp;apos;1.8.0_91&amp;apos;
Driver info: org.openqa.selenium.firefox.FirefoxDriver
Capabilities [{moz:profile=C:\Users\lenovo\AppData\Local\Temp\rust_mozprofile.nmpJ6x7NgTSj, rotatable=false, timeouts={implicit=0, page load=300000, script=30000}, pageLoadStrategy=normal, platform=ANY, specificationLevel=0, moz:accessibilityChecks=false, acceptInsecureCerts=false, browserVersion=52.0.1, platformVersion=6.1, moz:processID=2948, browserName=firefox, platformName=windows_nt}]
Session ID: 27ea78ff-04bb-4d94-881f-da9030a272e8
*** Element info: {Using=xpath, value=/html/body/div[3]/div/div[2]/div[2]/div/div[2]/div[1]/div/h5/a[1]}">
      <![CDATA[org.openqa.selenium.NoSuchElementException: Unable to locate element: /html/body/div[3]/div/div[2]/div[2]/div/div[2]/div[1]/div/h5/a[1]
For documentation on this error, please visit: http://seleniumhq.org/exceptions/no_such_element.html
Build info: version: '3.0.1', revision: '1969d75', time: '2016-10-18 09:49:13 -0700'
System info: host: 'lenovo-PC', ip: '10.0.51.42', os.name: 'Windows 7', os.arch: 'amd64', os.version: '6.1', java.version: '1.8.0_91'
Driver info: org.openqa.selenium.firefox.FirefoxDriver
Capabilities [{moz:profile=C:\Users\lenovo\AppData\Local\Temp\rust_mozprofile.nmpJ6x7NgTSj, rotatable=false, timeouts={implicit=0, page load=300000, script=30000}, pageLoadStrategy=normal, platform=ANY, specificationLevel=0, moz:accessibilityChecks=false, acceptInsecureCerts=false, browserVersion=52.0.1, platformVersion=6.1, moz:processID=2948, browserName=firefox, platformName=windows_nt}]
Session ID: 27ea78ff-04bb-4d94-881f-da9030a272e8
*** Element info: {Using=xpath, value=/html/body/div[3]/div/div[2]/div[2]/div/div[2]/div[1]/div/h5/a[1]}
	at org.openqa.selenium.remote.http.W3CHttpResponseCodec.createException(W3CHttpResponseCodec.java:127)
	at org.openqa.selenium.remote.http.W3CHttpResponseCodec.decode(W3CHttpResponseCodec.java:93)
	at org.openqa.selenium.remote.http.W3CHttpResponseCodec.decode(W3CHttpResponseCodec.java:42)
	at org.openqa.selenium.remote.HttpCommandExecutor.execute(HttpCommandExecutor.java:163)
	at org.openqa.selenium.remote.service.DriverCommandExecutor.execute(DriverCommandExecutor.java:82)
	at org.openqa.selenium.remote.RemoteWebDriver.execute(RemoteWebDriver.java:601)
	at org.openqa.selenium.remote.RemoteWebDriver.findElement(RemoteWebDriver.java:368)
	at org.openqa.selenium.remote.RemoteWebDriver.findElementByXPath(RemoteWebDriver.java:473)
	at org.openqa.selenium.By$ByXPath.findElement(By.java:361)
	at org.openqa.selenium.remote.RemoteWebDriver.findElement(RemoteWebDriver.java:360)
	at org.openqa.selenium.support.pagefactory.DefaultElementLocator.findElement(DefaultElementLocator.java:69)
	at org.openqa.selenium.support.pagefactory.internal.LocatingElementHandler.invoke(LocatingElementHandler.java:38)
	at com.sun.proxy.$Proxy7.click(Unknown Source)
	at Com.Selenium_Contacts.Pages.AddressBookPage.clickAddGroupButton(AddressBookPage.java:198)
	at Com.Selenium_Contacts.Pages.AddressBookPage.addGroup(AddressBookPage.java:207)
	at Com.Selenium_Contacts.Test.TestGroup.testAddGroup(TestGroup.java:28)
... Removed 28 stack frames]]>
    </failure>
  </testcase> <!-- testAddGroup -->
  <testcase name="testAddNextGroup" time="0.0" classname="Com.Selenium_Contacts.Test.TestGroup">
    <skipped/>
  </testcase> <!-- testAddNextGroup -->
  <testcase name="testDelGroup" time="0.0" classname="Com.Selenium_Contacts.Test.TestGroup">
    <skipped/>
  </testcase> <!-- testDelGroup -->
  <testcase name="testRenameGroup" time="0.0" classname="Com.Selenium_Contacts.Test.TestGroup">
    <skipped/>
  </testcase> <!-- testRenameGroup -->
</testsuite> <!-- TestGroup -->
